2019-12-22T18:09:51.793520Z 0 [Warning] TIMESTAMP with implicit DEFAULT value is deprecated. Please use --explicit_defaults_for_timestamp server option (see documentation for more details).
2019-12-22T18:09:51.793520Z 0 [Warning] 'NO_ZERO_DATE', 'NO_ZERO_IN_DATE' and 'ERROR_FOR_DIVISION_BY_ZERO' sql modes should be used with strict mode. They will be merged with strict mode in a future release.
2019-12-22T18:09:51.793520Z 0 [Warning] 'NO_AUTO_CREATE_USER' sql mode was not set.
2019-12-22T18:09:51.793520Z 0 [Warning] Insecure configuration for --secure-file-priv: Current value does not restrict location of generated files. Consider setting it to a valid, non-empty path.
2019-12-22T18:09:51.793520Z 0 [ERROR] Cannot open Windows EventLog; check privileges, or start server with --log_syslog=0
2019-12-22T18:09:51.793520Z 0 [Note] D:\01-Info\01-projets\android\AndroidETMLProjet\02-uWamp\bin\database\mysql-5.7.11\bin\mysqld.exe (mysqld 5.7.11) starting as process 3852 ...
2019-12-22T18:09:51.814535Z 0 [ERROR] Can't open shared library 'D:\01-Info\01-projets\android\AndroidETMLProjet\02-uWamp\bin\database\mysql-5.7.11\lib\plugin\keyring_file.dll' (errno: 126 Le module specifie est introuvable.)
2019-12-22T18:09:51.815536Z 0 [ERROR] Couldn't load plugin named 'keyring_file' with soname 'keyring_file.dll'.
2019-12-22T18:09:51.817538Z 0 [Note] InnoDB: Mutexes and rw_locks use Windows interlocked functions
2019-12-22T18:09:51.818538Z 0 [Note] InnoDB: Uses event mutexes
2019-12-22T18:09:51.818538Z 0 [Note] InnoDB: Memory barrier is not used
2019-12-22T18:09:51.819545Z 0 [Note] InnoDB: Compressed tables use zlib 1.2.3
2019-12-22T18:09:51.820539Z 0 [Note] InnoDB: Number of pools: 1
2019-12-22T18:09:51.821540Z 0 [Note] InnoDB: Not using CPU crc32 instructions
2019-12-22T18:09:51.871000Z 0 [Note] InnoDB: Initializing buffer pool, total size = 128M, instances = 1, chunk size = 128M
2019-12-22T18:09:51.886640Z 0 [Note] InnoDB: Completed initialization of buffer pool
2019-12-22T18:09:51.964752Z 0 [Note] InnoDB: Highest supported file format is Barracuda.
2019-12-22T18:09:51.964752Z 0 [Note] InnoDB: Log scan progressed past the checkpoint lsn 6248274
2019-12-22T18:09:51.964752Z 0 [Note] InnoDB: Doing recovery: scanned up to log sequence number 6248283
2019-12-22T18:09:51.964752Z 0 [Note] InnoDB: Doing recovery: scanned up to log sequence number 6248283
2019-12-22T18:09:51.964752Z 0 [Note] InnoDB: Database was not shutdown normally!
2019-12-22T18:09:51.964752Z 0 [Note] InnoDB: Starting crash recovery.
2019-12-22T18:09:52.253340Z 0 [Note] InnoDB: Removed temporary tablespace data file: "ibtmp1"
2019-12-22T18:09:52.253340Z 0 [Note] InnoDB: Creating shared tablespace for temporary tables
2019-12-22T18:09:52.253340Z 0 [Note] InnoDB: Setting file '.\ibtmp1' size to 12 MB. Physically writing the file full; Please wait ...
2019-12-22T18:09:52.315842Z 0 [Note] InnoDB: File '.\ibtmp1' size is now 12 MB.
2019-12-22T18:09:52.331467Z 0 [Note] InnoDB: 96 redo rollback segment(s) found. 96 redo rollback segment(s) are active.
2019-12-22T18:09:52.331467Z 0 [Note] InnoDB: 32 non-redo rollback segment(s) are active.
2019-12-22T18:09:52.331467Z 0 [Note] InnoDB: Waiting for purge to start
2019-12-22T18:09:53.034659Z 0 [Note] InnoDB: 5.7.11 started; log sequence number 6248283
2019-12-22T18:09:53.034659Z 0 [Note] InnoDB: Loading buffer pool(s) from D:\01-Info\01-projets\android\AndroidETMLProjet\02-uWamp\bin\database\mysql-5.7.11\data\ib_buffer_pool
2019-12-22T18:09:53.034659Z 0 [Note] Plugin 'FEDERATED' is disabled.
2019-12-22T18:09:53.081496Z 0 [Warning] Failed to set up SSL because of the following SSL library error: SSL context is not usable without certificate and private key
2019-12-22T18:09:53.081496Z 0 [Note] Server hostname (bind-address): '0.0.0.0'; port: 3306
2019-12-22T18:09:53.081496Z 0 [Note]   - '0.0.0.0' resolves to '0.0.0.0';
2019-12-22T18:09:53.081496Z 0 [Note] Server socket created on IP: '0.0.0.0'.
2019-12-22T18:09:53.175233Z 0 [Note] Event Scheduler: Loaded 0 events
2019-12-22T18:09:53.175233Z 0 [Note] D:\01-Info\01-projets\android\AndroidETMLProjet\02-uWamp\bin\database\mysql-5.7.11\bin\mysqld.exe: ready for connections.
Version: '5.7.11'  socket: ''  port: 3306  MySQL Community Server (GPL)
2019-12-22T18:09:53.206480Z 0 [Note] InnoDB: Buffer pool(s) load completed at 191222 19:09:53
